[ERROR] SIGINT shutdown: <nil>
[ERROR] SIGINT shutdown: <nil>
[ERROR] SIGINT shutdown: <nil>
[ERROR] SIGINT shutdown: <nil>
[after fetching confreg host]%!(EXTRA *cluster.host=&{{downstream_machine 0xc420244180 false 0xc420252000 {host.127.0.0.1:12345 0xc420206ae0 0xc420206ae8 0xc420206af0 0xc420206af8 0xc420206b00 0xc420206b08 0xc420206b10 0xc420206b18 0xc420206b20 0xc420206b28 0xc420206b30 0xc420206b38 0xc420206b40 0xc420206b48 0xc420206b50 0xc420206b58 0xc420206b60 0xc420206b68 0xc420206b70}} 1 false 0})
[after fetching confreg host]%!(EXTRA *cluster.host=&{{upstream_machine <nil> false 0xc420252240 {host.11.166.22.163:xxxx 0xc420206028 0xc420206070 0xc420206078 0xc4202063c0 0xc4202063c8 0xc4202063d0 0xc4202063d8 0xc4202064b0 0xc4202064b8 0xc420206570 0xc420206578 0xc420206600 0xc420206608 0xc420206610 0xc420206618 0xc420206620 0xc420206628 0xc420206630 0xc420206638}} 10 false 0})
new downstream connection 1 accepted
[Decoder]protocol code = %!(EXTRA uint8=13, string=, maybeProtocolVersion = , uint8=10)
[Decoder]protocol code = %!(EXTRA uint8=13, string=, maybeProtocolVersion = , uint8=10)
Close connection 1, event RemoteClose, type NoFlush, data read 4, data write 0
close downstream connection, stats: namespace: listener.%d.12200, counters: [downstream_connection_total: 1downstream_connection_destroy: 1downstream_connection_active: 0downstream_bytes_read: 4downstream_bytes_write: 0], gauges: [downstream_bytes_read_current: 2downstream_bytes_write_current: 0], 
[ERROR] SIGINT shutdown: <nil>
[after fetching confreg host]%!(EXTRA *cluster.host=&{{upstream_machine <nil> false 0xc42009fb00 {host.11.166.22.163:xxxx 0xc4201d0048 0xc4201d0050 0xc4201d0058 0xc4201d0060 0xc4201d0068 0xc4201d0070 0xc4201d0078 0xc4201d0080 0xc4201d0088 0xc4201d0090 0xc4201d0098 0xc4201d00a0 0xc4201d00a8 0xc4201d00b0 0xc4201d00b8 0xc4201d00c0 0xc4201d00c8 0xc4201d00d0 0xc4201d00d8}} 10 false 0})
[after fetching confreg host]%!(EXTRA *cluster.host=&{{downstream_machine 0xc42007d9b0 false 0xc42009f8c0 {host.127.0.0.1:12345 0xc4201d0110 0xc4201d0118 0xc4201d0120 0xc4201d0128 0xc4201d0130 0xc4201d0138 0xc4201d0140 0xc4201d0148 0xc4201d0150 0xc4201d0158 0xc4201d0160 0xc4201d0168 0xc4201d0170 0xc4201d0178 0xc4201d0180 0xc4201d0188 0xc4201d0190 0xc4201d0198 0xc4201d01a0}} 1 false 0})
[ERROR] SIGINT shutdown: <nil>
[after fetching confreg host]%!(EXTRA *cluster.host=&{{downstream_machine 0xc4201ec1b0 false 0xc42009f8c0 {host.127.0.0.1:12345 0xc420017390 0xc420017398 0xc4200173a0 0xc4200173a8 0xc4200173b0 0xc4200173b8 0xc4200173c0 0xc4200173c8 0xc4200173d0 0xc4200173d8 0xc4200173e0 0xc4200173e8 0xc4200173f0 0xc4200173f8 0xc420017400 0xc420017408 0xc420017410 0xc420017418 0xc420017420}} 1 false 0})
[after fetching confreg host]%!(EXTRA *cluster.host=&{{upstream_machine 0xc4201ec1e0 false 0xc42009fb00 {host.11.166.22.163:12200 0xc420017480 0xc420017488 0xc420017490 0xc420017498 0xc4200174a0 0xc4200174a8 0xc4200174b0 0xc4200174b8 0xc4200174c0 0xc4200174c8 0xc4200174d0 0xc4200174d8 0xc4200174e0 0xc4200174e8 0xc4200174f0 0xc4200174f8 0xc420017500 0xc420017508 0xc420017510}} 10 false 0})
new downstream connection 1 accepted
[Decoder]protocol code = %!(EXTRA uint8=1, string=, maybeProtocolVersion = , uint8=1)
[Decoder]bolt v1 decode request reqID is:1
handle command
deSerialize  headerMap:%!(EXTRA map[string]string=map[rpc_trace_context.zproxyUID: sofa_head_method_name:hello rpc_trace_context.sofaCallerApp:foo rpc_trace_context.sofaTraceId:0ba616a11524883522872102883882 rpc_trace_context.sysPenAttrs: service:com.alipay.rpc.common.service.facade.pb.SampleServicePb:1.0 rpc_trace_context.Elastic:F rpc_trace_context.sofaCallerIdc:dev rpc_trace_context.sofaCallerIp:11.166.22.161 rpc_trace_context.sofaCallerZone:GZ00B rpc_trace_context.sofaPenAttrs: sofa_head_target_service:com.alipay.rpc.common.service.facade.pb.SampleServicePb:1.0 rpc_trace_context.sofaRpcId:0 rpc_trace_context.zproxyTimeout:3000 sofa_head_target_app:bar1 rpc_trace_context.zproxyTargetZone:])
Request ClassName is:%!(EXTRA string=com.alipay.sofa.rpc.core.request.SofaRequest)
[EncodeHeaders]protocol code = %!(EXTRA uint8=1)
[response data1 Response Body is full]%!(EXTRA []uint8=[1 1 0 1 1 0 0 0 1 11 0 0 11 184 0 44 2 231 0 0 0 3 99 111 109 46 97 108 105 112 97 121 46 115 111 102 97 46 114 112 99 46 99 111 114 101 46 114 101 113 117 101 115 116 46 83 111 102 97 82 101 113 117 101 115 116 0 0 0 7 115 101 114 118 105 99 101 0 0 0 59 99 111 109 46 97 108 105 112 97 121 46 114 112 99 46 99 111 109 109 111 110 46 115 101 114 118 105 99 101 46 102 97 99 97 100 101 46 112 98 46 83 97 109 112 108 101 83 101 114 118 105 99 101 80 98 58 49 46 48 0 0 0 24 115 111 102 97 95 104 101 97 100 95 116 97 114 103 101 116 95 115 101 114 118 105 99 101 0 0 0 59 99 111 109 46 97 108 105 112 97 121 46 114 112 99 46 99 111 109 109 111 110 46 115 101 114 118 105 99 101 46 102 97 99 97 100 101 46 112 98 46 83 97 109 112 108 101 83 101 114 118 105 99 101 80 98 58 49 46 48 0 0 0 27 114 112 99 95 116 114 97 99 101 95 99 111 110 116 101 120 116 46 122 112 114 111 120 121 85 73 68 0 0 0 0 0 0 0 29 114 112 99 95 116 114 97 99 101 95 99 111 110 116 101 120 116 46 115 121 115 80 101 110 65 116 116 114 115 0 0 0 0 0 0 0 30 114 112 99 95 116 114 97 99 101 95 99 111 110 116 101 120 116 46 115 111 102 97 67 97 108 108 101 114 73 112 0 0 0 13 49 49 46 49 54 54 46 50 50 46 49 54 49 0 0 0 31 114 112 99 95 116 114 97 99 101 95 99 111 110 116 101 120 116 46 122 112 114 111 120 121 84 105 109 101 111 117 116 0 0 0 4 51 48 48 48 0 0 0 30 114 112 99 95 116 114 97 99 101 95 99 111 110 116 101 120 116 46 115 111 102 97 80 101 110 65 116 116 114 115 0 0 0 0 0 0 0 20 115 111 102 97 95 104 101 97 100 95 116 97 114 103 101 116 95 97 112 112 0 0 0 4 98 97 114 49 0 0 0 27 114 112 99 95 116 114 97 99 101 95 99 111 110 116 101 120 116 46 115 111 102 97 82 112 99 73 100 0 0 0 1 48 0 0 0 31 114 112 99 95 116 114 97 99 101 95 99 111 110 116 101 120 116 46 115 111 102 97 67 97 108 108 101 114 73 100 99 0 0 0 3 100 101 118 0 0 0 29 114 112 99 95 116 114 97 99 101 95 99 111 110 116 101 120 116 46 115 111 102 97 84 114 97 99 101 73 100 0 0 0 30 48 98 97 54 49 54 97 49 49 53 50 52 56 56 51 53 50 50 56 55 50 49 48 50 56 56 51 56 56 50 0 0 0 32 114 112 99 95 116 114 97 99 101 95 99 111 110 116 101 120 116 46 115 111 102 97 67 97 108 108 101 114 90 111 110 101 0 0 0 5 71 90 48 48 66 0 0 0 34 114 112 99 95 116 114 97 99 101 95 99 111 110 116 101 120 116 46 122 112 114 111 120 121 84 97 114 103 101 116 90 111 110 101 0 0 0 0 0 0 0 25 114 112 99 95 116 114 97 99 101 95 99 111 110 116 101 120 116 46 69 108 97 115 116 105 99 0 0 0 1 70 0 0 0 21 115 111 102 97 95 104 101 97 100 95 109 101 116 104 111 100 95 110 97 109 101 0 0 0 5 104 101 108 108 111 0 0 0 31 114 112 99 95 116 114 97 99 101 95 99 111 110 116 101 120 116 46 115 111 102 97 67 97 108 108 101 114 65 112 112 0 0 0 3 102 111 111], string=2018-04-28 10:45:23.308155662 +0800 CST m=+10.269022255)
[Decoder]protocol code = %!(EXTRA uint8=1, string=, maybeProtocolVersion = , uint8=0)
[Decoder]bolt v1 decode response, response status is:0 2018-04-28 10:45:23.313361085 +0800 CST m=+10.274227678
,
handle command
deSerialize  headerMap:%!(EXTRA map[string]string=map[])
Response ClassName is:%!(EXTRA string=com.alipay.sofa.rpc.core.response.SofaResponse)
[EncodeHeaders]protocol code = %!(EXTRA uint8=1)
[response data1 Response Body is full]%!(EXTRA []uint8=[1 0 0 2 1 0 0 0 1 11 0 0 0 46 0 0 0 0 0 3 99 111 109 46 97 108 105 112 97 121 46 115 111 102 97 46 114 112 99 46 99 111 114 101 46 114 101 115 112 111 110 115 101 46 83 111 102 97 82 101 115 112 111 110 115 101], string=2018-04-28 10:45:23.313465936 +0800 CST m=+10.274332529)
Invalid RespHeaders Format Keys requestid
Invalid RespHeaders Format Keys cmdcode
[accesslog debuginfo]Invalid RespHeaders Format Keys:requestid
[accesslog debuginfo]Invalid RespHeaders Format Keys:service
[Decoder]protocol code = %!(EXTRA uint8=1, string=, maybeProtocolVersion = , uint8=1)
[Decode: Get HB Msg]%!(EXTRA string=2018-04-28 10:45:38.309087074 +0800 CST m=+25.270477667)
[Decoder]bolt v1 decode request reqID is:2
handle command
deSerialize  headerMap:%!(EXTRA map[string]string=map[])
Request ClassName is:%!(EXTRA string=)
[EncodeHeaders]protocol code = %!(EXTRA uint8=1)
[Build HeartBeat Response] %!(EXTRA string=2018-04-28 10:45:38.309194442 +0800 CST m=+25.270585035)
Response Body is void...
[response data2 Response Body is void ]%!(EXTRA []uint8=[1 0 0 0 1 0 0 0 2 1 0 0 0 0 0 0 0 0 0 0], string=2018-04-28 10:45:38.309210454 +0800 CST m=+25.270601047)
[accesslog debuginfo]Invalid RespHeaders Format Keys:requestid
[accesslog debuginfo]Invalid RespHeaders Format Keys:service
[ERROR] SIGINT shutdown: <nil>
